<?xml version="1.0" encoding="UTF-8"?>
<!-- Generated by org.testng.reporters.JUnitXMLReporter -->
<testsuite ignored="0" hostname="PSL-1T9GDN3" failures="1" tests="5" name="Test8" time="205.402" errors="0" timestamp="2022-10-06T11:41:38 IST">
  <testcase classname="com.test.Account_test" name="accountDetail" time="46.404"/>
  <testcase classname="com.test.Account_test" name="pwchange" time="15.712"/>
  <testcase classname="com.test.Account_test" name="partnerUp" time="51.456"/>
  <testcase classname="com.test.Account_test" name="partnerUpInvalid" time="52.188"/>
  <testcase classname="com.test.Account_test" name="accDetailInvalid" time="32.695">
    <failure type="org.openqa.selenium.UnhandledAlertException" message="unexpected alert open: {Alert text : Warning: Incorrect file type!}
  (Session info: chrome=106.0.5249.91): Warning: Incorrect file type!
Build info: version: &amp;apos;4.3.0&amp;apos;, revision: &amp;apos;a4995e2c09*&amp;apos;
System info: host: &amp;apos;PSL-1T9GDN3&amp;apos;, ip: &amp;apos;10.44.27.141&amp;apos;, os.name: &amp;apos;Windows 11&amp;apos;, os.arch: &amp;apos;amd64&amp;apos;, os.version: &amp;apos;10.0&amp;apos;, java.version: &amp;apos;17.0.2&amp;apos;
Driver info: org.openqa.selenium.chrome.ChromeDriver
Command: [c6a4ca0729f5a3ff6c0473c3739f0750, executeScript {script=window.scrollBy(0,250), args=[]}]
Capabilities {acceptInsecureCerts: false, browserName: chrome, browserVersion: 106.0.5249.91, chrome: {chromedriverVersion: 106.0.5249.61 (511755355844..., userDataDir: C:\Users\DISHA_~1\AppData\L...}, goog:chromeOptions: {debuggerAddress: localhost:53403}, networkConnectionEnabled: false, pageLoadStrategy: normal, platformName: WINDOWS, proxy: Proxy(), se:cdp: ws://localhost:53403/devtoo..., se:cdpVersion: 106.0.5249.91, setWindowRect: true, strictFileInteractability: false, timeouts: {implicit: 0, pageLoad: 300000, script: 30000}, unhandledPromptBehavior: dismiss and notify, webauthn:extension:credBlob: true, webauthn:extension:largeBlob: true, webauthn:virtualAuthenticators: true}
Session ID: c6a4ca0729f5a3ff6c0473c3739f0750">
      <![CDATA[org.openqa.selenium.UnhandledAlertException: unexpected alert open: {Alert text : Warning: Incorrect file type!}
  (Session info: chrome=106.0.5249.91): Warning: Incorrect file type!
Build info: version: '4.3.0', revision: 'a4995e2c09*'
System info: host: 'PSL-1T9GDN3', ip: '10.44.27.141', os.name: 'Windows 11', os.arch: 'amd64', os.version: '10.0', java.version: '17.0.2'
Driver info: org.openqa.selenium.chrome.ChromeDriver
Command: [c6a4ca0729f5a3ff6c0473c3739f0750, executeScript {script=window.scrollBy(0,250), args=[]}]
Capabilities {acceptInsecureCerts: false, browserName: chrome, browserVersion: 106.0.5249.91, chrome: {chromedriverVersion: 106.0.5249.61 (511755355844..., userDataDir: C:\Users\DISHA_~1\AppData\L...}, goog:chromeOptions: {debuggerAddress: localhost:53403}, networkConnectionEnabled: false, pageLoadStrategy: normal, platformName: WINDOWS, proxy: Proxy(), se:cdp: ws://localhost:53403/devtoo..., se:cdpVersion: 106.0.5249.91, setWindowRect: true, strictFileInteractability: false, timeouts: {implicit: 0, pageLoad: 300000, script: 30000}, unhandledPromptBehavior: dismiss and notify, webauthn:extension:credBlob: true, webauthn:extension:largeBlob: true, webauthn:virtualAuthenticators: true}
Session ID: c6a4ca0729f5a3ff6c0473c3739f0750
at org.openqa.selenium.remote.codec.w3c.W3CHttpResponseCodec.decode(W3CHttpResponseCodec.java:131)
at org.openqa.selenium.remote.codec.w3c.W3CHttpResponseCodec.decode(W3CHttpResponseCodec.java:53)
at org.openqa.selenium.remote.HttpCommandExecutor.execute(HttpCommandExecutor.java:184)
at org.openqa.selenium.remote.service.DriverCommandExecutor.invokeExecute(DriverCommandExecutor.java:167)
at org.openqa.selenium.remote.service.DriverCommandExecutor.execute(DriverCommandExecutor.java:142)
at org.openqa.selenium.remote.RemoteWebDriver.execute(RemoteWebDriver.java:569)
at org.openqa.selenium.remote.RemoteWebDriver.executeScript(RemoteWebDriver.java:503)
at com.pages.Account_page.profile_invalid(Account_page.java:123)
at com.test.Account_test.accDetailInvalid(Account_test.java:149)
at java.base/java.util.ArrayList.forEach(ArrayList.java:1511)
... Removed 27 stack frames]]>
    </failure>
  </testcase> <!-- accDetailInvalid -->
</testsuite> <!-- Test8 -->
